d:\desktop\udpsenddata\udpsenddata\x64\release\moc_udpsenddata.obj
d:\desktop\udpsenddata\udpsenddata\x64\release\qrc_udpsenddata.obj
d:\desktop\udpsenddata\udpsenddata\x64\release\main.obj
d:\desktop\udpsenddata\udpsenddata\x64\release\udpsenddata.obj
d:\desktop\udpsenddata\udpsenddata\x64\release\udpsenddata.exe
d:\desktop\udpsenddata\udpsenddata\x64\release\moc\moc_udpsenddata.cpp
d:\desktop\udpsenddata\udpsenddata\x64\release\rcc\qrc_udpsenddata.cpp
d:\desktop\udpsenddata\udpsenddata\x64\release\uic\ui_udpsenddata.h
d:\desktop\qt\qt_tools\udpsenddata\udpsenddata\x64\release\main.obj
d:\desktop\qt\qt_tools\udpsenddata\udpsenddata\x64\release\moc_udpsenddata.obj
d:\desktop\qt\qt_tools\udpsenddata\udpsenddata\x64\release\qrc_udpsenddata.obj
d:\desktop\qt\qt_tools\udpsenddata\udpsenddata\x64\release\udpsenddata.obj
d:\desktop\qt\qt_tools\udpsenddata\udpsenddata\x64\release\udpsenddata.exe
d:\desktop\qt\qt_tools\udpsenddata\udpsenddata\x64\release\udpsenddata.tlog\cl.command.1.tlog
d:\desktop\qt\qt_tools\udpsenddata\udpsenddata\x64\release\udpsenddata.tlog\cl.read.1.tlog
d:\desktop\qt\qt_tools\udpsenddata\udpsenddata\x64\release\udpsenddata.tlog\cl.write.1.tlog
d:\desktop\qt\qt_tools\udpsenddata\udpsenddata\x64\release\udpsenddata.tlog\link.command.1.tlog
d:\desktop\qt\qt_tools\udpsenddata\udpsenddata\x64\release\udpsenddata.tlog\link.read.1.tlog
d:\desktop\qt\qt_tools\udpsenddata\udpsenddata\x64\release\udpsenddata.tlog\link.write.1.tlog
d:\desktop\qt\qt_tools\udpsenddata\udpsenddata\x64\release\udpsenddata.tlog\moc.read.1u.tlog
d:\desktop\qt\qt_tools\udpsenddata\udpsenddata\x64\release\udpsenddata.tlog\moc.write.1u.tlog
d:\desktop\qt\qt_tools\udpsenddata\udpsenddata\x64\release\udpsenddata.tlog\rcc.read.1u.tlog
d:\desktop\qt\qt_tools\udpsenddata\udpsenddata\x64\release\udpsenddata.tlog\rcc.write.1u.tlog
d:\desktop\qt\qt_tools\udpsenddata\udpsenddata\x64\release\udpsenddata.tlog\udpsenddata.write.1u.tlog
d:\desktop\qt\qt_tools\udpsenddata\udpsenddata\x64\release\udpsenddata.tlog\uic.read.1u.tlog
d:\desktop\qt\qt_tools\udpsenddata\udpsenddata\x64\release\udpsenddata.tlog\uic.write.1u.tlog
